app/build/outputs/logs/manifest-merger-debug-report.txt
-- Merging decision tree log ---
manifest
ADDED from src\main\AndroidManifest.xml:2:1-348:12
INJECTED from src\main\AndroidManifest.xml:2:1-348:12
INJECTED from src\main\AndroidManifest.xml:2:1-348:12
INJECTED from src\main\AndroidManifest.xml:2:1-348:12
MERGED from [:banner] AndroidManifest.xml:2:1-17:12
MERGED from [:photopicker] AndroidManifest.xml:2:1-16:12
MERGED from [com.github.rey5137:material:1.2.2] AndroidManifest.xml:2:1-11:12
MERGED from [com.android.support:design:23.1.0] AndroidManifest.xml:17:1-24:12
MERGED from [com.android.support:appcompat-v7:23.4.0] AndroidManifest.xml:17:1-27:12
MERGED from [com.android.support:recyclerview-v7:23.4.0] AndroidManifest.xml:17:1-22:12
MERGED from [com.android.support:cardview-v7:23.4.0] AndroidManifest.xml:17:1-24:12
MERGED from [com.akexorcist:RoundCornerProgressBar:2.0.3] AndroidManifest.xml:2:1-12:12
MERGED from [com.android.support:animated-vector-drawable:23.4.0] AndroidManifest.xml:2:1-9:12
MERGED from [com.android.support:support-vector-drawable:23.4.0] AndroidManifest.xml:2:1-9:12
MERGED from [com.android.support:support-v4:23.4.0] AndroidManifest.xml:17:1-24:12
MERGED from [com.huxq17.xrefreshview:xrefreshview:3.0.0] AndroidManifest.xml:2:1-16:12
MERGED from [com.github.iwgang:countdownview:2.0] AndroidManifest.xml:2:1-12:12
INJECTED from src\main\AndroidManifest.xml:2:1-348:12
INJECTED from src\main\AndroidManifest.xml:2:1-348:12
INJECTED from src\main\AndroidManifest.xml:2:1-348:12
	package
		ADDED from src\main\AndroidManifest.xml:3:5-23
		INJECTED from src\main\AndroidManifest.xml
		INJECTED from src\main\AndroidManifest.xml
	android:versionName
		INJECTED from src\main\AndroidManifest.xml
		ADDED from src\main\AndroidManifest.xml:2:1-348:12
		INJECTED from src\main\AndroidManifest.xml
	android:versionCode
		INJECTED from src\main\AndroidManifest.xml
		ADDED from src\main\AndroidManifest.xml:2:1-348:12
		INJECTED from src\main\AndroidManifest.xml
	xmlns:android
		ADDED from src\main\AndroidManifest.xml:2:11-69
uses-permission#android.permission.INTERNET
ADDED from src\main\AndroidManifest.xml:5:5-67
	android:name
		ADDED from src\main\AndroidManifest.xml:5:22-64
uses-permission#android.permission.WRITE_EXTERNAL_STORAGE
ADDED from src\main\AndroidManifest.xml:6:5-81
	android:name
		ADDED from src\main\AndroidManifest.xml:6:22-78
uses-permission#android.permission.READ_EXTERNAL_STORAGE
ADDED from src\main\AndroidManifest.xml:7:5-80
	android:name
		ADDED from src\main\AndroidManifest.xml:7:22-77
uses-permission#android.permission.CAMERA
ADDED from src\main\AndroidManifest.xml:8:5-65
	android:name
		ADDED from src\main\AndroidManifest.xml:8:22-62
uses-permission#android.permission.RECEIVE_USER_PRESENT
ADDED from src\main\AndroidManifest.xml:9:5-79
	android:name
		ADDED from src\main\AndroidManifest.xml:9:22-76
uses-permission#android.permission.WAKE_LOCK
ADDED from src\main\AndroidManifest.xml:10:5-68
	android:name
		ADDED from src\main\AndroidManifest.xml:10:22-65
uses-permission#android.permission.READ_PHONE_STATE
ADDED from src\main\AndroidManifest.xml:11:5-75
	android:name
		ADDED from src\main\AndroidManifest.xml:11:22-72
uses-permission#android.permission.WRITE_SETTINGS
ADDED from src\main\AndroidManifest.xml:12:5-73
	android:name
		ADDED from src\main\AndroidManifest.xml:12:22-70
uses-permission#android.permission.VIBRATE
ADDED from src\main\AndroidManifest.xml:13:5-66
	android:name
		ADDED from src\main\AndroidManifest.xml:13:22-63
uses-permission#android.permission.MOUNT_UNMOUNT_FILESYSTEMS
ADDED from src\main\AndroidManifest.xml:14:5-84
	android:name
		ADDED from src\main\AndroidManifest.xml:14:22-81
uses-permission#android.permission.ACCESS_NETWORK_STATE
ADDED from src\main\AndroidManifest.xml:15:5-79
	android:name
		ADDED from src\main\AndroidManifest.xml:15:22-76
uses-permission#android.permission.ACCESS_WIFI_STATE
ADDED from src\main\AndroidManifest.xml:16:5-76
	android:name
		ADDED from src\main\AndroidManifest.xml:16:22-73
uses-permission#android.permission.SYSTEM_ALERT_WINDOW
ADDED from src\main\AndroidManifest.xml:17:5-78
	android:name
		ADDED from src\main\AndroidManifest.xml:17:22-75
permission#com.myyg.permission.JPUSH_MESSAGE
ADDED from src\main\AndroidManifest.xml:20:5-22:47
	android:protectionLevel
		ADDED from src\main\AndroidManifest.xml:22:9-44
	android:name
		ADDED from src\main\AndroidManifest.xml:21:9-57
uses-permission#com.myyg.permission.JPUSH_MESSAGE
ADDED from src\main\AndroidManifest.xml:24:5-73
	android:name
		ADDED from src\main\AndroidManifest.xml:24:22-70
application
ADDED from src\main\AndroidManifest.xml:26:5-346:19
MERGED from [:banner] AndroidManifest.xml:11:5-15:19
MERGED from [:banner] AndroidManifest.xml:11:5-15:19
MERGED from [:photopicker] AndroidManifest.xml:11:5-14:19
MERGED from [:photopicker] AndroidManifest.xml:11:5-14:19
MERGED from [com.android.support:design:23.1.0] AndroidManifest.xml:22:5-20
MERGED from [com.android.support:design:23.1.0] AndroidManifest.xml:22:5-20
MERGED from [com.android.support:appcompat-v7:23.4.0] AndroidManifest.xml:25:5-20
MERGED from [com.android.support:appcompat-v7:23.4.0] AndroidManifest.xml:25:5-20
MERGED from [com.android.support:cardview-v7:23.4.0] AndroidManifest.xml:22:5-20
MERGED from [com.android.support:cardview-v7:23.4.0] AndroidManifest.xml:22:5-20
MERGED from [com.android.support:animated-vector-drawable:23.4.0] AndroidManifest.xml:7:5-20
MERGED from [com.android.support:animated-vector-drawable:23.4.0] AndroidManifest.xml:7:5-20
MERGED from [com.android.support:support-vector-drawable:23.4.0] AndroidManifest.xml:7:5-20
MERGED from [com.android.support:support-vector-drawable:23.4.0] AndroidManifest.xml:7:5-20
MERGED from [com.android.support:support-v4:23.4.0] AndroidManifest.xml:22:5-20
MERGED from [com.android.support:support-v4:23.4.0] AndroidManifest.xml:22:5-20
MERGED from [com.huxq17.xrefreshview:xrefreshview:3.0.0] AndroidManifest.xml:11:5-14:19
MERGED from [com.huxq17.xrefreshview:xrefreshview:3.0.0] AndroidManifest.xml:11:5-14:19
	android:supportsRtl
		ADDED from src\main\AndroidManifest.xml:33:9-35
	android:label
		ADDED from src\main\AndroidManifest.xml:31:9-41
	android:hardwareAccelerated
		ADDED from src\main\AndroidManifest.xml:29:9-44
	android:largeHeap
		ADDED from src\main\AndroidManifest.xml:32:9-33
	android:icon
		ADDED from src\main\AndroidManifest.xml:30:9-43
	android:allowBackup
		ADDED from src\main\AndroidManifest.xml:28:9-35
	android:theme
		ADDED from src\main\AndroidManifest.xml:34:9-40
	android:name
		ADDED from src\main\AndroidManifest.xml:27:9-45
meta-data#UMENG_APPKEY
ADDED from src\main\AndroidManifest.xml:35:9-37:53
	android:value
		ADDED from src\main\AndroidManifest.xml:37:13-50
	android:name
		ADDED from src\main\AndroidManifest.xml:36:13-40
meta-data#UMENG_CHANNEL
ADDED from src\main\AndroidManifest.xml:38:9-40:56
	android:value
		ADDED from src\main\AndroidManifest.xml:40:13-53
	android:name
		ADDED from src\main\AndroidManifest.xml:39:13-41
activity#com.myyg.ui.activity.StartActivity
ADDED from src\main\AndroidManifest.xml:42:9-51:20
	android:screenOrientation
		ADDED from src\main\AndroidManifest.xml:44:13-49
	android:windowSoftInputMode
		ADDED from src\main\AndroidManifest.xml:45:13-73
	android:name
		ADDED from src\main\AndroidManifest.xml:43:13-54
intent-filter#android.intent.action.MAIN+android.intent.category.LAUNCHER
ADDED from src\main\AndroidManifest.xml:46:13-50:29
action#android.intent.action.MAIN
ADDED from src\main\AndroidManifest.xml:47:17-69
	android:name
		ADDED from src\main\AndroidManifest.xml:47:25-66
category#android.intent.category.LAUNCHER
ADDED from src\main\AndroidManifest.xml:49:17-77
	android:name
		ADDED from src\main\AndroidManifest.xml:49:27-74
activity#cn.jpush.android.ui.PopWinActivity
ADDED from src\main\AndroidManifest.xml:54:9-57:52
	android:exported
		ADDED from src\main\AndroidManifest.xml:56:13-37
	android:theme
		ADDED from src\main\AndroidManifest.xml:57:13-49
	android:name
		ADDED from src\main\AndroidManifest.xml:55:13-62
activity#cn.jpush.android.ui.PushActivity
ADDED from src\main\AndroidManifest.xml:60:9-71:20
	android:exported
		ADDED from src\main\AndroidManifest.xml:63:13-37
	android:configChanges
		ADDED from src\main\AndroidManifest.xml:62:13-63
	android:theme
		ADDED from src\main\AndroidManifest.xml:64:13-60
	android:name
		ADDED from src\main\AndroidManifest.xml:61:13-60
intent-filter#android.intent.category.DEFAULT+cn.jpush.android.ui.PushActivity+com.myyg
ADDED from src\main\AndroidManifest.xml:65:13-70:29
action#cn.jpush.android.ui.PushActivity
ADDED from src\main\AndroidManifest.xml:66:17-75
	android:name
		ADDED from src\main\AndroidManifest.xml:66:25-72
category#android.intent.category.DEFAULT
ADDED from src\main\AndroidManifest.xml:68:17-76
	android:name
		ADDED from src\main\AndroidManifest.xml:68:27-73
category#com.myyg
ADDED from src\main\AndroidManifest.xml:69:17-53
	android:name
		ADDED from src\main\AndroidManifest.xml:69:27-50
service#cn.jpush.android.service.DownloadService
ADDED from src\main\AndroidManifest.xml:73:9-76:40
	android:enabled
		ADDED from src\main\AndroidManifest.xml:75:13-35
	android:exported
		ADDED from src\main\AndroidManifest.xml:76:13-37
	android:name
		ADDED from src\main\AndroidManifest.xml:74:13-68
service#cn.jpush.android.service.PushService
ADDED from src\main\AndroidManifest.xml:79:9-89:19
	android:enabled
		ADDED from src\main\AndroidManifest.xml:81:13-35
	android:exported
		ADDED from src\main\AndroidManifest.xml:82:13-37
	android:name
		ADDED from src\main\AndroidManifest.xml:80:13-64
intent-filter#cn.jpush.android.intent.PUSH_TIME+cn.jpush.android.intent.PushService+cn.jpush.android.intent.REGISTER+cn.jpush.android.intent.REPORT
ADDED from src\main\AndroidManifest.xml:83:13-88:29
action#cn.jpush.android.intent.REGISTER
ADDED from src\main\AndroidManifest.xml:84:17-75
	android:name
		ADDED from src\main\AndroidManifest.xml:84:25-72
action#cn.jpush.android.intent.REPORT
ADDED from src\main\AndroidManifest.xml:85:17-73
	android:name
		ADDED from src\main\AndroidManifest.xml:85:25-70
action#cn.jpush.android.intent.PushService
ADDED from src\main\AndroidManifest.xml:86:17-78
	android:name
		ADDED from src\main\AndroidManifest.xml:86:25-75
action#cn.jpush.android.intent.PUSH_TIME
ADDED from src\main\AndroidManifest.xml:87:17-76
	android:name
		ADDED from src\main\AndroidManifest.xml:87:25-73
service#cn.jpush.android.service.DaemonService
ADDED from src\main\AndroidManifest.xml:92:9-101:19
	android:enabled
		ADDED from src\main\AndroidManifest.xml:94:13-35
	android:exported
		ADDED from src\main\AndroidManifest.xml:95:13-36
	android:name
		ADDED from src\main\AndroidManifest.xml:93:13-66
intent-filter#cn.jpush.android.intent.DaemonService+com.myyg
ADDED from src\main\AndroidManifest.xml:96:13-100:29
action#cn.jpush.android.intent.DaemonService
ADDED from src\main\AndroidManifest.xml:97:17-80
	android:name
		ADDED from src\main\AndroidManifest.xml:97:25-77
receiver#cn.jpush.android.service.PushReceiver
ADDED from src\main\AndroidManifest.xml:104:9-124:20
	android:enabled
		ADDED from src\main\AndroidManifest.xml:106:13-35
	android:exported
		ADDED from src\main\AndroidManifest.xml:107:13-37
	android:name
		ADDED from src\main\AndroidManifest.xml:105:13-65
intent-filter#cn.jpush.android.intent.NOTIFICATION_RECEIVED_PROXY+com.myyg
ADDED from src\main\AndroidManifest.xml:108:13-112:29
	android:priority
		ADDED from src\main\AndroidManifest.xml:108:28-51
action#cn.jpush.android.intent.NOTIFICATION_RECEIVED_PROXY
ADDED from src\main\AndroidManifest.xml:109:17-94
	android:name
		ADDED from src\main\AndroidManifest.xml:109:25-91
intent-filter#android.intent.action.USER_PRESENT+android.net.conn.CONNECTIVITY_CHANGE
ADDED from src\main\AndroidManifest.xml:113:13-116:29
action#android.intent.action.USER_PRESENT
ADDED from src\main\AndroidManifest.xml:114:17-77
	android:name
		ADDED from src\main\AndroidManifest.xml:114:25-74
action#android.net.conn.CONNECTIVITY_CHANGE
ADDED from src\main\AndroidManifest.xml:115:17-79
	android:name
		ADDED from src\main\AndroidManifest.xml:115:25-76
intent-filter#android.intent.action.PACKAGE_ADDED+android.intent.action.PACKAGE_REMOVED
ADDED from src\main\AndroidManifest.xml:118:13-123:29
action#android.intent.action.PACKAGE_ADDED
ADDED from src\main\AndroidManifest.xml:119:17-78
	android:name
		ADDED from src\main\AndroidManifest.xml:119:25-75
action#android.intent.action.PACKAGE_REMOVED
ADDED from src\main\AndroidManifest.xml:120:17-80
	android:name
		ADDED from src\main\AndroidManifest.xml:120:25-77
data
ADDED from src\main\AndroidManifest.xml:122:17-50
	android:scheme
		ADDED from src\main\AndroidManifest.xml:122:23-47
receiver#cn.jpush.android.service.AlarmReceiver
ADDED from src\main\AndroidManifest.xml:127:9-129:40
	android:exported
		ADDED from src\main\AndroidManifest.xml:129:13-37
	android:name
		ADDED from src\main\AndroidManifest.xml:128:13-66
receiver#com.myyg.receiver.JPushReceiver
ADDED from src\main\AndroidManifest.xml:132:9-149:20
	android:enabled
		ADDED from src\main\AndroidManifest.xml:134:13-35
	android:exported
		ADDED from src\main\AndroidManifest.xml:135:13-37
	android:name
		ADDED from src\main\AndroidManifest.xml:133:13-51
intent-filter#cn.jpush.android.intent.CONNECTION+cn.jpush.android.intent.MESSAGE_RECEIVED+com.myyg
ADDED from src\main\AndroidManifest.xml:136:13-148:29
action#cn.jpush.android.intent.MESSAGE_RECEIVED
ADDED from src\main\AndroidManifest.xml:140:17-83
	android:name
		ADDED from src\main\AndroidManifest.xml:140:25-80
action#cn.jpush.android.intent.CONNECTION
ADDED from src\main\AndroidManifest.xml:145:17-77
	android:name
		ADDED from src\main\AndroidManifest.xml:145:25-74
meta-data#JPUSH_CHANNEL
ADDED from src\main\AndroidManifest.xml:151:9-153:56
	android:value
		ADDED from src\main\AndroidManifest.xml:153:13-53
	android:name
		ADDED from src\main\AndroidManifest.xml:152:13-41
meta-data#JPUSH_APPKEY
ADDED from src\main\AndroidManifest.xml:154:9-156:53
	android:value
		ADDED from src\main\AndroidManifest.xml:156:13-50
	android:name
		ADDED from src\main\AndroidManifest.xml:155:13-40
activity#com.tencent.tauth.AuthActivity
ADDED from src\main\AndroidManifest.xml:160:9-172:20
	android:launchMode
		ADDED from src\main\AndroidManifest.xml:162:13-44
	android:noHistory
		ADDED from src\main\AndroidManifest.xml:163:13-37
	android:name
		ADDED from src\main\AndroidManifest.xml:161:13-58
intent-filter#android.intent.action.VIEW+android.intent.category.BROWSABLE+android.intent.category.DEFAULT
ADDED from src\main\AndroidManifest.xml:164:13-171:29
action#android.intent.action.VIEW
ADDED from src\main\AndroidManifest.xml:165:17-69
	android:name
		ADDED from src\main\AndroidManifest.xml:165:25-66
category#android.intent.category.BROWSABLE
ADDED from src\main\AndroidManifest.xml:168:17-78
	android:name
		ADDED from src\main\AndroidManifest.xml:168:27-75
activity#com.tencent.connect.common.AssistActivity
ADDED from src\main\AndroidManifest.xml:173:9-176:75
	android:configChanges
		ADDED from src\main\AndroidManifest.xml:175:13-74
	android:theme
		ADDED from src\main\AndroidManifest.xml:176:13-72
	android:name
		ADDED from src\main\AndroidManifest.xml:174:13-69
activity#com.myyg.wxapi.WXEntryActivity
ADDED from src\main\AndroidManifest.xml:177:9-181:75
	android:screenOrientation
		ADDED from src\main\AndroidManifest.xml:180:13-49
	android:exported
		ADDED from src\main\AndroidManifest.xml:179:13-36
	android:theme
		ADDED from src\main\AndroidManifest.xml:181:13-72
	android:name
		ADDED from src\main\AndroidManifest.xml:178:13-50
activity#com.myyg.wxapi.WXPayEntryActivity
ADDED from src\main\AndroidManifest.xml:182:9-185:46
	android:launchMode
		ADDED from src\main\AndroidManifest.xml:185:13-43
	android:exported
		ADDED from src\main\AndroidManifest.xml:184:13-36
	android:name
		ADDED from src\main\AndroidManifest.xml:183:13-53
activity#com.myyg.ui.activity.LoginActivity
ADDED from src\main\AndroidManifest.xml:186:9-188:52
	android:screenOrientation
		ADDED from src\main\AndroidManifest.xml:188:13-49
	android:name
		ADDED from src\main\AndroidManifest.xml:187:13-54
activity#com.myyg.ui.activity.MainActivity
ADDED from src\main\AndroidManifest.xml:189:9-191:52
	android:screenOrientation
		ADDED from src\main\AndroidManifest.xml:191:13-49
	android:name
		ADDED from src\main\AndroidManifest.xml:190:13-53
activity#com.myyg.ui.activity.RegisterActivity
ADDED from src\main\AndroidManifest.xml:192:9-194:52
	android:screenOrientation
		ADDED from src\main\AndroidManifest.xml:194:13-49
	android:name
		ADDED from src\main\AndroidManifest.xml:193:13-57
activity#com.myyg.ui.activity.EmailRegisterActivity
ADDED from src\main\AndroidManifest.xml:195:9-197:52
	android:screenOrientation
		ADDED from src\main\AndroidManifest.xml:197:13-49
	android:name
		ADDED from src\main\AndroidManifest.xml:196:13-62
activity#com.myyg.ui.activity.MobileRegisterActivity
ADDED from src\main\AndroidManifest.xml:198:9-200:52
	android:screenOrientation
		ADDED from src\main\AndroidManifest.xml:200:13-49
	android:name
		ADDED from src\main\AndroidManifest.xml:199:13-63
activity#com.myyg.ui.activity.WinningRecordActivity
ADDED from src\main\AndroidManifest.xml:201:9-203:52
	android:screenOrientation
		ADDED from src\main\AndroidManifest.xml:203:13-49
	android:name
		ADDED from src\main\AndroidManifest.xml:202:13-62
activity#com.myyg.ui.activity.SearchActivity
ADDED from src\main\AndroidManifest.xml:204:9-206:52
	android:screenOrientation
		ADDED from src\main\AndroidManifest.xml:206:13-49
	android:name
		ADDED from src\main\AndroidManifest.xml:205:13-55
activity#com.myyg.ui.activity.EmptyRechargeRecordActivity
ADDED from src\main\AndroidManifest.xml:207:9-209:52
	android:screenOrientation
		ADDED from src\main\AndroidManifest.xml:209:13-49
	android:name
		ADDED from src\main\AndroidManifest.xml:208:13-68
activity#com.myyg.ui.activity.RechargeRecordActivity
ADDED from src\main\AndroidManifest.xml:210:9-212:52
	android:screenOrientation
		ADDED from src\main\AndroidManifest.xml:212:13-49
	android:name
		ADDED from src\main\AndroidManifest.xml:211:13-63
activity#com.myyg.ui.activity.GoodsTypeActivity
ADDED from src\main\AndroidManifest.xml:213:9-215:52
	android:screenOrientation
		ADDED from src\main\AndroidManifest.xml:215:13-49
	android:name
		ADDED from src\main\AndroidManifest.xml:214:13-58
activity#com.myyg.ui.activity.SpecificCommodityActivity
ADDED from src\main\AndroidManifest.xml:216:9-218:52
	android:screenOrientation
		ADDED from src\main\AndroidManifest.xml:218:13-49
	android:name
		ADDED from src\main\AndroidManifest.xml:217:13-66
activity#com.myyg.ui.activity.BiddingRecordActivity
ADDED from src\main\AndroidManifest.xml:219:9-221:52
	android:screenOrientation
		ADDED from src\main\AndroidManifest.xml:221:13-49
	android:name
		ADDED from src\main\AndroidManifest.xml:220:13-62
activity#com.myyg.ui.activity.NoticeActivity
ADDED from src\main\AndroidManifest.xml:222:9-224:52
	android:screenOrientation
		ADDED from src\main\AndroidManifest.xml:224:13-49
	android:name
		ADDED from src\main\AndroidManifest.xml:223:13-55
activity#com.myyg.ui.activity.MainNoticeActivity
ADDED from src\main\AndroidManifest.xml:225:9-227:52
	android:screenOrientation
		ADDED from src\main\AndroidManifest.xml:227:13-49
	android:name
		ADDED from src\main\AndroidManifest.xml:226:13-59
activity#com.myyg.ui.activity.MyReceiptAddressActivity
ADDED from src\main\AndroidManifest.xml:228:9-230:52
	android:screenOrientation
		ADDED from src\main\AndroidManifest.xml:230:13-49
	android:name
		ADDED from src\main\AndroidManifest.xml:229:13-65
activity#com.myyg.ui.activity.AddAddressActivity
ADDED from src\main\AndroidManifest.xml:231:9-233:52
	android:screenOrientation
		ADDED from src\main\AndroidManifest.xml:233:13-49
	android:name
		ADDED from src\main\AndroidManifest.xml:232:13-59
activity#com.myyg.ui.activity.PastGoodsActivity
ADDED from src\main\AndroidManifest.xml:234:9-236:52
	android:screenOrientation
		ADDED from src\main\AndroidManifest.xml:236:13-49
	android:name
		ADDED from src\main\AndroidManifest.xml:235:13-58
activity#com.myyg.ui.activity.QRcodeActivity
ADDED from src\main\AndroidManifest.xml:237:9-239:52
	android:screenOrientation
		ADDED from src\main\AndroidManifest.xml:239:13-49
	android:name
		ADDED from src\main\AndroidManifest.xml:238:13-55
activity#com.myyg.ui.activity.MemberAwardActivity
ADDED from src\main\AndroidManifest.xml:240:9-242:52
	android:screenOrientation
		ADDED from src\main\AndroidManifest.xml:242:13-49
	android:name
		ADDED from src\main\AndroidManifest.xml:241:13-60
activity#com.myyg.ui.activity.ATMsActivity
ADDED from src\main\AndroidManifest.xml:243:9-245:52
	android:screenOrientation
		ADDED from src\main\AndroidManifest.xml:245:13-49
	android:name
		ADDED from src\main\AndroidManifest.xml:244:13-53
activity#com.myyg.ui.activity.PresentRecordActivity
ADDED from src\main\AndroidManifest.xml:246:9-248:52
	android:screenOrientation
		ADDED from src\main\AndroidManifest.xml:248:13-49
	android:name
		ADDED from src\main\AndroidManifest.xml:247:13-62
activity#com.myyg.ui.activity.IntegralDetailActivity
ADDED from src\main\AndroidManifest.xml:249:9-251:52
	android:screenOrientation
		ADDED from src\main\AndroidManifest.xml:251:13-49
	android:name
		ADDED from src\main\AndroidManifest.xml:250:13-63
activity#com.myyg.ui.activity.GoodsDetailsActivity
ADDED from src\main\AndroidManifest.xml:252:9-255:58
	android:screenOrientation
		ADDED from src\main\AndroidManifest.xml:254:13-49
	android:windowSoftInputMode
		ADDED from src\main\AndroidManifest.xml:255:13-55
	android:name
		ADDED from src\main\AndroidManifest.xml:253:13-61
activity#com.myyg.ui.activity.FriendsActivity
ADDED from src\main\AndroidManifest.xml:256:9-258:52
	android:screenOrientation
		ADDED from src\main\AndroidManifest.xml:258:13-49
	android:name
		ADDED from src\main\AndroidManifest.xml:257:13-56
activity#com.myyg.ui.activity.SettingActivity
ADDED from src\main\AndroidManifest.xml:259:9-261:52
	android:screenOrientation
		ADDED from src\main\AndroidManifest.xml:261:13-49
	android:name
		ADDED from src\main\AndroidManifest.xml:260:13-56
activity#com.myyg.ui.activity.ForgetPasswordActivity01
ADDED from src\main\AndroidManifest.xml:262:9-264:52
	android:screenOrientation
		ADDED from src\main\AndroidManifest.xml:264:13-49
	android:name
		ADDED from src\main\AndroidManifest.xml:263:13-65
activity#com.myyg.ui.activity.ForgetPasswordActivity02
ADDED from src\main\AndroidManifest.xml:265:9-267:52
	android:screenOrientation
		ADDED from src\main\AndroidManifest.xml:267:13-49
	android:name
		ADDED from src\main\AndroidManifest.xml:266:13-65
activity#com.myyg.ui.activity.ForgetPasswordActivity03
ADDED from src\main\AndroidManifest.xml:268:9-270:52
	android:screenOrientation
		ADDED from src\main\AndroidManifest.xml:270:13-49
	android:name
		ADDED from src\main\AndroidManifest.xml:269:13-65
activity#com.myyg.ui.activity.GraphicDetailsActivity
ADDED from src\main\AndroidManifest.xml:271:9-273:52
	android:screenOrientation
		ADDED from src\main\AndroidManifest.xml:273:13-49
	android:name
		ADDED from src\main\AndroidManifest.xml:272:13-63
activity#com.myyg.ui.activity.AccountRechargeActivity
ADDED from src\main\AndroidManifest.xml:274:9-276:52
	android:screenOrientation
		ADDED from src\main\AndroidManifest.xml:276:13-49
	android:name
		ADDED from src\main\AndroidManifest.xml:275:13-64
activity#com.myyg.ui.activity.WebBrowseActivity
ADDED from src\main\AndroidManifest.xml:277:9-279:52
	android:screenOrientation
		ADDED from src\main\AndroidManifest.xml:279:13-49
	android:name
		ADDED from src\main\AndroidManifest.xml:278:13-58
activity#com.myyg.ui.activity.ShareOrderActivity
ADDED from src\main\AndroidManifest.xml:280:9-282:52
	android:screenOrientation
		ADDED from src\main\AndroidManifest.xml:282:13-49
	android:name
		ADDED from src\main\AndroidManifest.xml:281:13-59
activity#com.myyg.ui.activity.AddShareActivity
ADDED from src\main\AndroidManifest.xml:283:9-285:52
	android:screenOrientation
		ADDED from src\main\AndroidManifest.xml:285:13-49
	android:name
		ADDED from src\main\AndroidManifest.xml:284:13-57
activity#com.myyg.ui.activity.WillConfirmActivity
ADDED from src\main\AndroidManifest.xml:286:9-288:52
	android:screenOrientation
		ADDED from src\main\AndroidManifest.xml:288:13-49
	android:name
		ADDED from src\main\AndroidManifest.xml:287:13-60
activity#com.myyg.ui.activity.PersonalCenterActivity
ADDED from src\main\AndroidManifest.xml:289:9-291:52
	android:screenOrientation
		ADDED from src\main\AndroidManifest.xml:291:13-49
	android:name
		ADDED from src\main\AndroidManifest.xml:290:13-63
activity#com.myyg.ui.activity.ModifiedNicknameActivity
ADDED from src\main\AndroidManifest.xml:292:9-294:52
	android:screenOrientation
		ADDED from src\main\AndroidManifest.xml:294:13-49
	android:name
		ADDED from src\main\AndroidManifest.xml:293:13-65
activity#com.myyg.ui.activity.GoodsShareOrderActivity
ADDED from src\main\AndroidManifest.xml:295:9-297:52
	android:screenOrientation
		ADDED from src\main\AndroidManifest.xml:297:13-49
	android:name
		ADDED from src\main\AndroidManifest.xml:296:13-64
activity#com.myyg.ui.activity.HisPersonalCenterActivity
ADDED from src\main\AndroidManifest.xml:298:9-300:52
	android:screenOrientation
		ADDED from src\main\AndroidManifest.xml:300:13-49
	android:name
		ADDED from src\main\AndroidManifest.xml:299:13-66
activity#com.myyg.photopicker.PhotoPickerActivity
ADDED from src\main\AndroidManifest.xml:301:9-303:52
	android:screenOrientation
		ADDED from src\main\AndroidManifest.xml:303:13-49
	android:name
		ADDED from src\main\AndroidManifest.xml:302:13-60
activity#com.myyg.photopicker.PhotoPagerActivity
ADDED from src\main\AndroidManifest.xml:304:9-306:52
	android:screenOrientation
		ADDED from src\main\AndroidManifest.xml:306:13-49
	android:name
		ADDED from src\main\AndroidManifest.xml:305:13-59
activity#com.myyg.ui.activity.RecommendGoodsActivity
ADDED from src\main\AndroidManifest.xml:307:9-309:52
	android:screenOrientation
		ADDED from src\main\AndroidManifest.xml:309:13-49
	android:name
		ADDED from src\main\AndroidManifest.xml:308:13-63
activity#com.myyg.ui.activity.GoodsActivity
ADDED from src\main\AndroidManifest.xml:310:9-312:52
	android:screenOrientation
		ADDED from src\main\AndroidManifest.xml:312:13-49
	android:name
		ADDED from src\main\AndroidManifest.xml:311:13-54
activity#com.myyg.ui.activity.MyygTestActivity
ADDED from src\main\AndroidManifest.xml:313:9-315:52
	android:screenOrientation
		ADDED from src\main\AndroidManifest.xml:315:13-49
	android:name
		ADDED from src\main\AndroidManifest.xml:314:13-57
activity#com.myyg.ui.activity.EditAddressActivity
ADDED from src\main\AndroidManifest.xml:316:9-318:52
	android:screenOrientation
		ADDED from src\main\AndroidManifest.xml:318:13-49
	android:name
		ADDED from src\main\AndroidManifest.xml:317:13-60
activity#com.myyg.ui.activity.SettlementActivity
ADDED from src\main\AndroidManifest.xml:319:9-321:52
	android:screenOrientation
		ADDED from src\main\AndroidManifest.xml:321:13-49
	android:name
		ADDED from src\main\AndroidManifest.xml:320:13-59
activity#com.myyg.ui.activity.PaymentResultActivity
ADDED from src\main\AndroidManifest.xml:322:9-324:52
	android:screenOrientation
		ADDED from src\main\AndroidManifest.xml:324:13-49
	android:name
		ADDED from src\main\AndroidManifest.xml:323:13-62
activity#com.myyg.ui.activity.ShowSearchGoodsActivity
ADDED from src\main\AndroidManifest.xml:325:9-327:52
	android:screenOrientation
		ADDED from src\main\AndroidManifest.xml:327:13-49
	android:name
		ADDED from src\main\AndroidManifest.xml:326:13-64
activity#com.myyg.ui.activity.ModifyMobileActivity
ADDED from src\main\AndroidManifest.xml:328:9-330:52
	android:screenOrientation
		ADDED from src\main\AndroidManifest.xml:330:13-49
	android:name
		ADDED from src\main\AndroidManifest.xml:329:13-61
activity#com.myyg.ui.activity.ModifyPasswordActivity
ADDED from src\main\AndroidManifest.xml:331:9-333:52
	android:screenOrientation
		ADDED from src\main\AndroidManifest.xml:333:13-49
	android:name
		ADDED from src\main\AndroidManifest.xml:332:13-63
activity#com.myyg.ui.activity.CommissionActivity
ADDED from src\main\AndroidManifest.xml:334:9-336:52
	android:screenOrientation
		ADDED from src\main\AndroidManifest.xml:336:13-49
	android:name
		ADDED from src\main\AndroidManifest.xml:335:13-59
activity#com.myyg.ui.activity.AccountDetailsActivity
ADDED from src\main\AndroidManifest.xml:337:9-339:52
	android:screenOrientation
		ADDED from src\main\AndroidManifest.xml:339:13-49
	android:name
		ADDED from src\main\AndroidManifest.xml:338:13-63
activity#com.myyg.ui.activity.ConsumerActivity
ADDED from src\main\AndroidManifest.xml:340:9-342:52
	android:screenOrientation
		ADDED from src\main\AndroidManifest.xml:342:13-49
	android:name
		ADDED from src\main\AndroidManifest.xml:341:13-57
activity#com.myyg.ui.activity.RechargeActivity
ADDED from src\main\AndroidManifest.xml:343:9-345:52
	android:screenOrientation
		ADDED from src\main\AndroidManifest.xml:345:13-49
	android:name
		ADDED from src\main\AndroidManifest.xml:344:13-57
uses-sdk
INJECTED from src\main\AndroidManifest.xml reason: use-sdk injection requested
INJECTED from src\main\AndroidManifest.xml
INJECTED from src\main\AndroidManifest.xml
MERGED from [:banner] AndroidManifest.xml:7:5-9:41
MERGED from [:banner] AndroidManifest.xml:7:5-9:41
MERGED from [:photopicker] AndroidManifest.xml:7:5-9:41
MERGED from [:photopicker] AndroidManifest.xml:7:5-9:41
MERGED from [com.github.rey5137:material:1.2.2] AndroidManifest.xml:7:5-9:41
MERGED from [com.github.rey5137:material:1.2.2] AndroidManifest.xml:7:5-9:41
MERGED from [com.android.support:design:23.1.0] AndroidManifest.xml:20:5-43
MERGED from [com.android.support:design:23.1.0] AndroidManifest.xml:20:5-43
MERGED from [com.android.support:appcompat-v7:23.4.0] AndroidManifest.xml:21:5-23:78
MERGED from [com.android.support:appcompat-v7:23.4.0] AndroidManifest.xml:21:5-23:78